0 verbose cli /usr/bin/node /usr/bin/npm
1 info using npm@9.2.0
2 info using node@v18.19.1
3 timing npm:load:whichnode Completed in 2ms
4 timing config:load:defaults Completed in 8ms
5 timing config:load:file:/usr/share/nodejs/npm/npmrc Completed in 10ms
6 timing config:load:builtin Completed in 11ms
7 timing config:load:cli Completed in 5ms
8 timing config:load:env Completed in 2ms
9 timing config:load:file:/home/priyanka/learn-jenkins-app/.npmrc Completed in 2ms
10 timing config:load:project Completed in 11ms
11 timing config:load:file:/home/priyanka/.npmrc Completed in 1ms
12 timing config:load:user Completed in 2ms
13 timing config:load:file:/etc/npmrc Completed in 0ms
14 timing config:load:global Completed in 1ms
15 timing config:load:setEnvs Completed in 4ms
16 timing config:load Completed in 46ms
17 timing npm:load:configload Completed in 47ms
18 timing npm:load:mkdirpcache Completed in 1ms
19 timing npm:load:mkdirplogs Completed in 2ms
20 verbose title npm config get prefix
21 verbose argv "config" "get" "prefix"
22 timing npm:load:setTitle Completed in 9ms
23 timing config:load:flatten Completed in 16ms
24 timing npm:load:display Completed in 21ms
25 verbose logfile logs-max:10 dir:/home/priyanka/learn-jenkins-app/.npm/_logs/2026-03-30T05_43_40_067Z-
26 verbose logfile /home/priyanka/learn-jenkins-app/.npm/_logs/2026-03-30T05_43_40_067Z-debug-0.log
27 timing npm:load:logFile Completed in 42ms
28 timing npm:load:timers Completed in 1ms
29 timing npm:load:configScope Completed in 0ms
30 timing npm:load Completed in 127ms
31 timing config:load:flatten Completed in 2ms
32 timing command:config Completed in 24ms
33 verbose exit 0
34 timing npm Completed in 212ms
35 info ok
