0 verbose cli /usr/bin/node /usr/bin/npm
1 info using npm@9.2.0
2 info using node@v18.19.1
3 timing npm:load:whichnode Completed in 2ms
4 timing config:load:defaults Completed in 8ms
5 timing config:load:file:/usr/share/nodejs/npm/npmrc Completed in 8ms
6 timing config:load:builtin Completed in 10ms
7 timing config:load:cli Completed in 7ms
8 timing config:load:env Completed in 2ms
9 timing config:load:project Completed in 4ms
10 timing config:load:file:/home/priyanka/.npmrc Completed in 1ms
11 timing config:load:user Completed in 2ms
12 timing config:load:file:/etc/npmrc Completed in 1ms
13 timing config:load:global Completed in 1ms
14 timing config:load:setEnvs Completed in 3ms
15 timing config:load Completed in 39ms
16 timing npm:load:configload Completed in 39ms
17 timing npm:load:mkdirpcache Completed in 5ms
18 timing npm:load:mkdirplogs Completed in 1ms
19 verbose title npm config set cache /tmp/.npm
20 verbose argv "config" "set" "cache" "/tmp/.npm" "--global"
21 timing npm:load:setTitle Completed in 6ms
22 timing config:load:flatten Completed in 13ms
23 timing npm:load:display Completed in 20ms
24 verbose logfile logs-max:10 dir:/home/priyanka/learn-jenkins-app/.npm/_logs/2026-03-30T05_42_22_708Z-
25 verbose logfile /home/priyanka/learn-jenkins-app/.npm/_logs/2026-03-30T05_42_22_708Z-debug-0.log
26 timing npm:load:logFile Completed in 26ms
27 timing npm:load:timers Completed in 0ms
28 timing npm:load:configScope Completed in 1ms
29 timing npm:load Completed in 106ms
30 info config set "cache" "/tmp/.npm"
31 timing config:load:flatten Completed in 3ms
32 silly logfile done cleaning log files
33 timing command:config Completed in 27ms
34 verbose stack Error: EACCES: permission denied, open '/etc/npmrc'
35 verbose cwd /home/priyanka/learn-jenkins-app
36 verbose Linux 6.8.0-106-generic
37 verbose node v18.19.1
38 verbose npm  v9.2.0
39 error code EACCES
40 error syscall open
41 error path /etc/npmrc
42 error errno -13
43 error [Error: EACCES: permission denied, open '/etc/npmrc'] {
43 error   errno: -13,
43 error   code: 'EACCES',
43 error   syscall: 'open',
43 error   path: '/etc/npmrc'
43 error }
44 error
44 error The operation was rejected by your operating system.
44 error It is likely you do not have the permissions to access this file as the current user
44 error
44 error If you believe this might be a permissions issue, please double-check the
44 error permissions of the file and its containing directories, or try running
44 error the command again as root/Administrator.
45 verbose exit -13
46 timing npm Completed in 211ms
47 verbose code -13
48 error A complete log of this run can be found in:
48 error     /home/priyanka/learn-jenkins-app/.npm/_logs/2026-03-30T05_42_22_708Z-debug-0.log
